TN:
SF:src\modules\users\entities\fakes\FakeUser.ts
FN:5,(anonymous_0)
FN:20,FakeUser
FNF:2
FNH:2
FNDA:1,(anonymous_0)
FNDA:4,FakeUser
DA:1,1
DA:5,1
DA:21,4
DA:22,4
DA:23,4
DA:24,4
DA:25,4
DA:26,4
DA:27,4
DA:29,1
DA:31,1
LF:11
LH:11
BRF:0
BRH:0
end_of_record
TN:
SF:src\modules\users\entities\fakes\FakeUserTokens.ts
FN:5,(anonymous_0)
FN:16,FakeUserTokens
FNF:2
FNH:2
FNDA:1,(anonymous_0)
FNDA:3,FakeUserTokens
DA:1,1
DA:5,1
DA:17,3
DA:18,3
DA:19,3
DA:20,3
DA:21,3
DA:23,1
DA:25,1
LF:9
LH:9
BRF:0
BRH:0
end_of_record
TN:
SF:src\modules\users\providers\PasswordHash\fakes\FakeHashProvider.ts
FN:3,(anonymous_13)
FN:4,(anonymous_15)
FN:8,(anonymous_18)
FNF:3
FNH:2
FNDA:5,(anonymous_13)
FNDA:2,(anonymous_15)
FNDA:0,(anonymous_18)
DA:3,1
DA:4,1
DA:5,2
DA:8,1
DA:9,0
DA:11,1
DA:13,1
LF:7
LH:6
BRF:0
BRH:0
end_of_record
TN:
SF:src\modules\users\repositories\fakes\FakeUserTokensRepository.ts
FN:5,(anonymous_14)
FN:8,(anonymous_16)
FN:16,(anonymous_19)
FN:18,(anonymous_22)
FNF:4
FNH:4
FNDA:5,(anonymous_14)
FNDA:3,(anonymous_16)
FNDA:4,(anonymous_19)
FNDA:3,(anonymous_22)
DA:2,1
DA:5,1
DA:6,4
DA:8,1
DA:9,3
DA:11,3
DA:13,3
DA:16,1
DA:17,4
DA:18,3
DA:21,4
DA:23,1
DA:25,1
LF:13
LH:13
BRDA:21,0,0,4
BRDA:21,0,1,1
BRF:2
BRH:2
end_of_record
TN:
SF:src\modules\users\repositories\fakes\FakeUsersRepository.ts
FN:6,(anonymous_14)
FN:9,(anonymous_16)
FN:10,(anonymous_19)
FN:15,(anonymous_20)
FN:27,(anonymous_23)
FN:28,(anonymous_26)
FN:33,(anonymous_27)
FN:34,(anonymous_30)
FNF:8
FNH:8
FNDA:5,(anonymous_14)
FNDA:1,(anonymous_16)
FNDA:1,(anonymous_19)
FNDA:4,(anonymous_20)
FNDA:3,(anonymous_23)
FNDA:3,(anonymous_26)
FNDA:2,(anonymous_27)
FNDA:2,(anonymous_30)
DA:4,1
DA:6,1
DA:7,4
DA:9,1
DA:10,1
DA:12,1
DA:15,1
DA:16,4
DA:17,4
DA:18,4
DA:20,4
DA:22,4
DA:24,4
DA:27,1
DA:28,3
DA:30,3
DA:33,1
DA:34,2
DA:36,2
DA:37,2
DA:40,2
DA:42,1
DA:44,1
LF:23
LH:23
BRDA:36,0,0,2
BRDA:36,0,1,0
BRF:2
BRH:1
end_of_record
TN:
SF:src\modules\users\services\ResetPasswordService.ts
FN:12,(anonymous_18)
FN:13,ResetPasswordService
FN:24,(anonymous_20)
FNF:3
FNH:3
FNDA:1,(anonymous_18)
FNDA:4,ResetPasswordService
FNDA:4,(anonymous_20)
DA:1,1
DA:2,1
DA:3,1
DA:5,1
DA:12,1
DA:15,4
DA:18,4
DA:21,4
DA:24,1
DA:25,4
DA:27,4
DA:28,1
DA:31,3
DA:33,3
DA:34,0
DA:37,3
DA:38,1
DA:41,2
DA:43,4
DA:45,1
DA:47,1
LF:21
LH:20
BRDA:25,0,0,4
BRDA:27,1,0,1
BRDA:27,1,1,3
BRDA:33,2,0,0
BRDA:33,2,1,3
BRDA:37,3,0,1
BRDA:37,3,1,2
BRF:7
BRH:6
end_of_record
TN:
SF:src\shared\errors\AppError.ts
FN:1,(anonymous_0)
FN:6,AppError
FNF:2
FNH:2
FNDA:1,(anonymous_0)
FNDA:2,AppError
DA:1,1
DA:6,4
DA:7,2
DA:8,2
DA:10,1
DA:12,1
LF:6
LH:6
BRDA:6,0,0,2
BRDA:6,0,1,0
BRF:2
BRH:1
end_of_record
