TN:
SF:src\config\authConfig.ts
FNF:0
FNH:0
DA:1,1
LF:1
LH:1
BRF:0
BRH:0
end_of_record
TN:
SF:src\modules\users\infra\typeorm\intities\User.ts
FN:10,(anonymous_2)
FNF:1
FNH:1
FNDA:7,(anonymous_2)
DA:1,2
DA:10,2
DA:12,2
DA:15,2
DA:18,2
DA:21,2
DA:24,2
DA:27,2
DA:30,2
DA:31,2
DA:33,2
LF:11
LH:11
BRF:0
BRH:0
end_of_record
TN:
SF:src\modules\users\providers\PasswordHash\fakes\FakeBCryptHashProvider.ts
FN:3,(anonymous_13)
FN:4,(anonymous_15)
FN:8,(anonymous_18)
FNF:3
FNH:3
FNDA:7,(anonymous_13)
FNDA:5,(anonymous_15)
FNDA:2,(anonymous_18)
DA:3,2
DA:4,2
DA:5,5
DA:8,2
DA:9,2
DA:11,2
DA:13,2
LF:7
LH:7
BRF:0
BRH:0
end_of_record
TN:
SF:src\modules\users\providers\SignSession\modules\SignJWT.ts
FN:7,(anonymous_1)
FN:8,(anonymous_3)
FNF:2
FNH:2
FNDA:4,(anonymous_1)
FNDA:1,(anonymous_3)
DA:1,1
DA:3,1
DA:7,1
DA:8,1
DA:9,1
DA:14,1
DA:16,1
LF:7
LH:7
BRF:0
BRH:0
end_of_record
TN:
SF:src\modules\users\repositories\fakes\FakeUsersRepository.ts
FN:7,(anonymous_14)
FN:10,(anonymous_16)
FN:11,(anonymous_19)
FN:16,(anonymous_20)
FN:30,(anonymous_23)
FN:31,(anonymous_26)
FN:36,(anonymous_27)
FNF:7
FNH:4
FNDA:7,(anonymous_14)
FNDA:9,(anonymous_16)
FNDA:4,(anonymous_19)
FNDA:5,(anonymous_20)
FNDA:0,(anonymous_23)
FNDA:0,(anonymous_26)
FNDA:0,(anonymous_27)
DA:1,2
DA:5,2
DA:7,2
DA:8,5
DA:10,2
DA:11,9
DA:13,9
DA:16,2
DA:17,5
DA:18,5
DA:19,5
DA:21,5
DA:23,5
DA:25,5
DA:27,5
DA:30,2
DA:31,0
DA:33,0
DA:36,2
DA:39,0
DA:41,2
DA:43,2
LF:22
LH:19
BRF:0
BRH:0
end_of_record
TN:
SF:src\modules\users\services\CreateSessionService.ts
FN:15,(anonymous_18)
FN:16,CreateSessionService
FN:27,(anonymous_20)
FNF:3
FNH:3
FNDA:1,(anonymous_18)
FNDA:3,CreateSessionService
FNDA:3,(anonymous_20)
DA:1,1
DA:4,1
DA:15,1
DA:18,3
DA:21,3
DA:24,3
DA:27,1
DA:28,3
DA:29,3
DA:32,3
DA:34,3
DA:35,1
DA:39,2
DA:44,2
DA:45,1
DA:48,1
DA:50,1
DA:52,1
DA:54,1
DA:56,1
LF:20
LH:20
BRDA:32,0,0,3
BRDA:34,1,0,1
BRDA:34,1,1,2
BRDA:44,2,0,1
BRDA:44,2,1,1
BRF:5
BRH:5
end_of_record
TN:
SF:src\modules\users\services\CreateUserService.ts
FN:15,(anonymous_18)
FN:16,CreateUserService
FN:24,(anonymous_20)
FNF:3
FNH:3
FNDA:2,(anonymous_18)
FNDA:5,CreateUserService
FNDA:6,(anonymous_20)
DA:1,2
DA:6,2
DA:15,2
DA:18,5
DA:21,5
DA:24,6
DA:26,6
DA:28,6
DA:29,1
DA:32,5
DA:34,5
DA:40,5
DA:42,2
DA:44,2
LF:14
LH:14
BRDA:26,0,0,6
BRDA:28,1,0,1
BRDA:28,1,1,5
BRF:3
BRH:3
end_of_record
TN:
SF:src\shared\errors\AppError.ts
FN:1,(anonymous_0)
FN:6,AppError
FNF:2
FNH:2
FNDA:2,(anonymous_0)
FNDA:3,AppError
DA:1,2
DA:6,6
DA:7,3
DA:8,3
DA:10,2
DA:12,2
LF:6
LH:6
BRDA:6,0,0,3
BRDA:6,0,1,0
BRF:2
BRH:1
end_of_record
